<?xml version="1.0" encoding="UTF-8"?>
<!-- Generated by org.testng.reporters.JUnitReportReporter -->
<testsuite skipped="0" hostname="CL-NB-650" name="clase5.EjemploSelenium_clase5" tests="5" failures="0" timestamp="10 jun 2021 23:57:02 GMT" time="28.257" errors="0">
  <testcase name="CP004_Algo" time="4.715" classname="clase5.EjemploSelenium_clase5"/>
  <testcase name="CP005_Algo" time="0.000" classname="clase5.EjemploSelenium_clase5"/>
  <testcase name="CP002_Algo" time="5.462" classname="clase5.EjemploSelenium_clase5"/>
  <testcase name="CP003_Algo" time="4.846" classname="clase5.EjemploSelenium_clase5"/>
  <testcase name="CP001_ProcesoRetomaContratacion_usuarioBloqueado" time="13.234" classname="clase5.EjemploSelenium_clase5"/>
</testsuite> <!-- clase5.EjemploSelenium_clase5 -->
