<?xml version="1.0" encoding="UTF-8"?>
<!-- Generated by org.testng.reporters.JUnitReportReporter -->
<testsuite skipped="0" hostname="CL-NB-650" name="clase5.EjemploSeleniumTestngClass" tests="1" failures="0" timestamp="10 jun 2021 23:32:50 GMT" time="0.001" errors="0">
  <testcase name="f" time="0.001" classname="clase5.EjemploSeleniumTestngClass"/>
</testsuite> <!-- clase5.EjemploSeleniumTestngClass -->
