<?xml version="1.0" encoding="UTF-8"?>
<!-- Generated by org.testng.reporters.JUnitReportReporter -->
<testsuite skipped="0" hostname="CL-NB-650" name="tests.Tests" tests="2" failures="0" timestamp="24 jun 2021 22:45:07 GMT" time="23.427" errors="0">
  <testcase name="CP002_errorLogin_usuarioInvalido" time="6.957" classname="tests.Tests"/>
  <testcase name="CP001_retomaFormularioContratacion_ctaBloqueada" time="16.470" classname="tests.Tests"/>
</testsuite> <!-- tests.Tests -->
